#
# There is insufficient memory for the Java Runtime Environment to continue.
# Native memory allocation (malloc) failed to allocate 32744 bytes for ChunkPool::allocate
# Possible reasons:
#   The system is out of physical RAM or swap space
#   The process is running with CompressedOops enabled, and the Java Heap may be blocking the growth of the native heap
# Possible solutions:
#   Reduce memory load on the system
#   Increase physical memory or swap space
#   Check if swap backing store is full
#   Decrease Java heap size (-Xmx/-Xms)
#   Decrease number of Java threads
#   Decrease Java thread stack sizes (-Xss)
#   Set larger code cache with -XX:ReservedCodeCacheSize=
#
#  , tid=5664# JRE version: Java(TM) SE Runtime Environment (17.0.9+11) (build 17.0.9+11-LTS-201)
# Java VM: Java HotSpot(TM) 64-Bit Server VM (17.0.9+11-LTS-201, mixed mode, sharing, tiered, compressed oops, compressed class ptrs, g1 gc, windows-amd64)
# No core dump will be written. Minidumps are not enabled by default on client versions of Windows
#

---------------  S U M M A R Y ------------

Command Line: -Xmx64m -Xms64m -Dorg.gradle.appname=gradlew org.gradle.wrapper.GradleWrapperMain assembleRelease

Host: Intel(R) Core(TM) i5-8250U CPU @ 1.60GHz, 8 cores, 7G,  Windows 10 , 64 bit Build 19041 (10.0.19041.3636)
Time: Mon Mar 11 23:53:35 2024 Pakistan Standard Time elapsed time: 183.302739 seconds (0d 0h 3m 3s)

---------------  T H R E A D  ---------------

Current thread (0x000001cb1a26afc0):  JavaThread "C1 CompilerThread0" daemon [_thread_in_native, id=5664, stack(0x0000002587600000,0x0000002587700000)]


Current CompileTask:
C1: 183302 1727       3       sun.nio.cs.SingleByte$Encoder::encodeArrayLoop (280 bytes)

Stack: [0x0000002587600000,0x0000002587700000]
Native frames: (J=compiled Java code, j=interpreted, Vv=VM code, C=native code)
V  [jvm.dll+0x678a4a]
V  [jvm.dll+0x7d9cfd]
V  [jvm.dll+0x7db60e]
V  [jvm.dll+0x7dbc73]
V  [jvm.dll+0x245e1f]
V  [jvm.dll+0xaad50]
V  [jvm.dll+0xab09c]
V  [jvm.dll+0x17afbd]
V  [jvm.dll+0x17d1a3]
V  [jvm.dll+0x17c547]
V  [jvm.dll+0x179eed]
V  [jvm.dll+0x134e03]
V  [jvm.dll+0x13471f]
V  [jvm.dll+0x134958]
V  [jvm.dll+0x133df1]
V  [jvm.dll+0x135a8d]
V  [jvm.dll+0x2272de]
V  [jvm.dll+0x22548b]
V  [jvm.dll+0x78f58c]
V  [jvm.dll+0x78998a]
V  [jvm.dll+0x677875]
C  [ucrtbase.dll+0x21bb2]
C  [KERNEL32.DLL+0x17344]
C  [ntdll.dll+0x526b1]


---------------  P R O C E S S  ---------------

Threads class SMR info:
_java_thread_list=0x000001cb61488b30, length=15, elements={
0x000001cb7f5d7390, 0x000001cb1a24f7f0, 0x000001cb1a250580, 0x000001cb1a264c10,
0x000001cb1a268500, 0x000001cb1a268dd0, 0x000001cb1a2696a0, 0x000001cb1a26a2a0,
0x000001cb1a26afc0, 0x000001cb1a26d8e0, 0x000001cb1a4aeb20, 0x000001cb1a4b3460,
0x000001cb60bb76c0, 0x000001cb60ceda30, 0x000001cb60cedf10
}

Java Threads: ( => current thread )
  0x000001cb7f5d7390 JavaThread "main" [_thread_in_native, id=5304, stack(0x0000002586800000,0x0000002586900000)]
  0x000001cb1a24f7f0 JavaThread "Reference Handler" daemon [_thread_blocked, id=15492, stack(0x0000002586f00000,0x0000002587000000)]
  0x000001cb1a250580 JavaThread "Finalizer" daemon [_thread_blocked, id=6600, stack(0x0000002587000000,0x0000002587100000)]
  0x000001cb1a264c10 JavaThread "Signal Dispatcher" daemon [_thread_blocked, id=2044, stack(0x0000002587100000,0x0000002587200000)]
  0x000001cb1a268500 JavaThread "Attach Listener" daemon [_thread_blocked, id=3040, stack(0x0000002587200000,0x0000002587300000)]
  0x000001cb1a268dd0 JavaThread "Service Thread" daemon [_thread_blocked, id=15400, stack(0x0000002587300000,0x0000002587400000)]
  0x000001cb1a2696a0 JavaThread "Monitor Deflation Thread" daemon [_thread_blocked, id=2056, stack(0x0000002587400000,0x0000002587500000)]
  0x000001cb1a26a2a0 JavaThread "C2 CompilerThread0" daemon [_thread_blocked, id=9552, stack(0x0000002587500000,0x0000002587600000)]
=>0x000001cb1a26afc0 JavaThread "C1 CompilerThread0" daemon [_thread_in_native, id=5664, stack(0x0000002587600000,0x0000002587700000)]
  0x000001cb1a26d8e0 JavaThread "Sweeper thread" daemon [_thread_blocked, id=15632, stack(0x0000002587700000,0x0000002587800000)]
  0x000001cb1a4aeb20 JavaThread "Notification Thread" daemon [_thread_blocked, id=7136, stack(0x0000002587800000,0x0000002587900000)]
  0x000001cb1a4b3460 JavaThread "Common-Cleaner" daemon [_thread_blocked, id=14348, stack(0x0000002587a00000,0x0000002587b00000)]
  0x000001cb60bb76c0 JavaThread "pool-1-thread-1" [_thread_blocked, id=15720, stack(0x0000002588100000,0x0000002588200000)]
  0x000001cb60ceda30 JavaThread "DisconnectableInputStream source reader" daemon [_thread_in_native, id=11784, stack(0x0000002588200000,0x0000002588300000)]
  0x000001cb60cedf10 JavaThread "Forward input" [_thread_blocked, id=5204, stack(0x0000002588300000,0x0000002588400000)]

Other Threads:
  0x000001cb1a249410 VMThread "VM Thread" [stack: 0x0000002586e00000,0x0000002586f00000] [id=14968]
  0x000001cb1a4b1010 WatcherThread [stack: 0x0000002587900000,0x0000002587a00000] [id=8000]
  0x000001cb7f5f8e20 GCTaskThread "GC Thread#0" [stack: 0x0000002586900000,0x0000002586a00000] [id=1472]
  0x000001cb60c1a020 GCTaskThread "GC Thread#1" [stack: 0x0000002587d00000,0x0000002587e00000] [id=1920]
  0x000001cb6087fad0 GCTaskThread "GC Thread#2" [stack: 0x0000002587e00000,0x0000002587f00000] [id=2196]
  0x000001cb60e35910 GCTaskThread "GC Thread#3" [stack: 0x0000002587f00000,0x0000002588000000] [id=13968]
  0x000001cb60bbcb60 GCTaskThread "GC Thread#4" [stack: 0x0000002588000000,0x0000002588100000] [id=14172]
  0x000001cb7f5fa480 ConcurrentGCThread "G1 Main Marker" [stack: 0x0000002586a00000,0x0000002586b00000] [id=14820]
  0x000001cb7f5fbdb0 ConcurrentGCThread "G1 Conc#0" [stack: 0x0000002586b00000,0x0000002586c00000] [id=5124]
  0x000001cb7f65fbc0 ConcurrentGCThread "G1 Refine#0" [stack: 0x0000002586c00000,0x0000002586d00000] [id=10576]
  0x000001cb7f660500 ConcurrentGCThread "G1 Service" [stack: 0x0000002586d00000,0x0000002586e00000] [id=1516]

Threads with active compile tasks:
C1 CompilerThread0   183357 1727       3       sun.nio.cs.SingleByte$Encoder::encodeArrayLoop (280 bytes)

VM state: not at safepoint (normal execution)

VM Mutex/Monitor currently owned by a thread: None

Heap address: 0x00000000fc000000, size: 64 MB, Compressed Oops mode: 32-bit

CDS archive(s) mapped at: [0x000001cb1b000000-0x000001cb1bbd0000-0x000001cb1bbd0000), size 12386304, SharedBaseAddress: 0x000001cb1b000000, ArchiveRelocationMode: 1.
Compressed class space mapped at: 0x000001cb1c000000-0x000001cb5c000000, reserved size: 1073741824
Narrow klass base: 0x000001cb1b000000, Narrow klass shift: 0, Narrow klass range: 0x100000000

GC Precious Log:
 CPUs: 8 total, 8 available
 Memory: 7810M
 Large Page Support: Disabled
 NUMA Support: Disabled
 Compressed Oops: Enabled (32-bit)
 Heap Region Size: 1M
 Heap Min Capacity: 64M
 Heap Initial Capacity: 64M
 Heap Max Capacity: 64M
 Pre-touch: Disabled
 Parallel Workers: 8
 Concurrent Workers: 2
 Concurrent Refinement Workers: 8
 Periodic GC: Disabled

Heap:
 garbage-first heap   total 65536K, used 30952K [0x00000000fc000000, 0x0000000100000000)
  region size 1024K, 24 young (24576K), 3 survivors (3072K)
 Metaspace       used 9207K, committed 9344K, reserved 1114112K
  class space    used 1198K, committed 1280K, reserved 1048576K

Heap Regions: E=young(eden), S=young(survivor), O=old, HS=humongous(starts), HC=humongous(continues), CS=collection set, F=free, OA=open archive, CA=closed archive, TAMS=top-at-mark-start (previous, next)
|   0|0x00000000fc000000, 0x00000000fc100000, 0x00000000fc100000|100%|HS|  |TAMS 0x00000000fc000000, 0x00000000fc000000| Complete 
|   1|0x00000000fc100000, 0x00000000fc200000, 0x00000000fc200000|100%|HC|  |TAMS 0x00000000fc100000, 0x00000000fc100000| Complete 
|   2|0x00000000fc200000, 0x00000000fc300000, 0x00000000fc300000|100%|HC|  |TAMS 0x00000000fc200000, 0x00000000fc200000| Complete 
|   3|0x00000000fc300000, 0x00000000fc400000, 0x00000000fc400000|100%|HC|  |TAMS 0x00000000fc300000, 0x00000000fc300000| Complete 
|   4|0x00000000fc400000, 0x00000000fc500000, 0x00000000fc500000|100%| O|  |TAMS 0x00000000fc400000, 0x00000000fc400000| Untracked 
|   5|0x00000000fc500000, 0x00000000fc600000, 0x00000000fc600000|100%| O|  |TAMS 0x00000000fc500000, 0x00000000fc500000| Untracked 
|   6|0x00000000fc600000, 0x00000000fc700000, 0x00000000fc700000|100%| O|  |TAMS 0x00000000fc600000, 0x00000000fc600000| Untracked 
|   7|0x00000000fc700000, 0x00000000fc73a200, 0x00000000fc800000| 22%| O|  |TAMS 0x00000000fc700000, 0x00000000fc700000| Untracked 
|   8|0x00000000fc800000, 0x00000000fc800000, 0x00000000fc900000|  0%| F|  |TAMS 0x00000000fc800000, 0x00000000fc800000| Untracked 
|   9|0x00000000fc900000, 0x00000000fc900000, 0x00000000fca00000|  0%| F|  |TAMS 0x00000000fc900000, 0x00000000fc900000| Untracked 
|  10|0x00000000fca00000, 0x00000000fca00000, 0x00000000fcb00000|  0%| F|  |TAMS 0x00000000fca00000, 0x00000000fca00000| Untracked 
|  11|0x00000000fcb00000, 0x00000000fcb00000, 0x00000000fcc00000|  0%| F|  |TAMS 0x00000000fcb00000, 0x00000000fcb00000| Untracked 
|  12|0x00000000fcc00000, 0x00000000fcc00000, 0x00000000fcd00000|  0%| F|  |TAMS 0x00000000fcc00000, 0x00000000fcc00000| Untracked 
|  13|0x00000000fcd00000, 0x00000000fcd00000, 0x00000000fce00000|  0%| F|  |TAMS 0x00000000fcd00000, 0x00000000fcd00000| Untracked 
|  14|0x00000000fce00000, 0x00000000fce00000, 0x00000000fcf00000|  0%| F|  |TAMS 0x00000000fce00000, 0x00000000fce00000| Untracked 
|  15|0x00000000fcf00000, 0x00000000fcf00000, 0x00000000fd000000|  0%| F|  |TAMS 0x00000000fcf00000, 0x00000000fcf00000| Untracked 
|  16|0x00000000fd000000, 0x00000000fd000000, 0x00000000fd100000|  0%| F|  |TAMS 0x00000000fd000000, 0x00000000fd000000| Untracked 
|  17|0x00000000fd100000, 0x00000000fd100000, 0x00000000fd200000|  0%| F|  |TAMS 0x00000000fd100000, 0x00000000fd100000| Untracked 
|  18|0x00000000fd200000, 0x00000000fd200000, 0x00000000fd300000|  0%| F|  |TAMS 0x00000000fd200000, 0x00000000fd200000| Untracked 
|  19|0x00000000fd300000, 0x00000000fd300000, 0x00000000fd400000|  0%| F|  |TAMS 0x00000000fd300000, 0x00000000fd300000| Untracked 
|  20|0x00000000fd400000, 0x00000000fd400000, 0x00000000fd500000|  0%| F|  |TAMS 0x00000000fd400000, 0x00000000fd400000| Untracked 
|  21|0x00000000fd500000, 0x00000000fd500000, 0x00000000fd600000|  0%| F|  |TAMS 0x00000000fd500000, 0x00000000fd500000| Untracked 
|  22|0x00000000fd600000, 0x00000000fd600000, 0x00000000fd700000|  0%| F|  |TAMS 0x00000000fd600000, 0x00000000fd600000| Untracked 
|  23|0x00000000fd700000, 0x00000000fd700000, 0x00000000fd800000|  0%| F|  |TAMS 0x00000000fd700000, 0x00000000fd700000| Untracked 
|  24|0x00000000fd800000, 0x00000000fd800000, 0x00000000fd900000|  0%| F|  |TAMS 0x00000000fd800000, 0x00000000fd800000| Untracked 
|  25|0x00000000fd900000, 0x00000000fd900000, 0x00000000fda00000|  0%| F|  |TAMS 0x00000000fd900000, 0x00000000fd900000| Untracked 
|  26|0x00000000fda00000, 0x00000000fda00000, 0x00000000fdb00000|  0%| F|  |TAMS 0x00000000fda00000, 0x00000000fda00000| Untracked 
|  27|0x00000000fdb00000, 0x00000000fdb00000, 0x00000000fdc00000|  0%| F|  |TAMS 0x00000000fdb00000, 0x00000000fdb00000| Untracked 
|  28|0x00000000fdc00000, 0x00000000fdc00000, 0x00000000fdd00000|  0%| F|  |TAMS 0x00000000fdc00000, 0x00000000fdc00000| Untracked 
|  29|0x00000000fdd00000, 0x00000000fdd00000, 0x00000000fde00000|  0%| F|  |TAMS 0x00000000fdd00000, 0x00000000fdd00000| Untracked 
|  30|0x00000000fde00000, 0x00000000fde00000, 0x00000000fdf00000|  0%| F|  |TAMS 0x00000000fde00000, 0x00000000fde00000| Untracked 
|  31|0x00000000fdf00000, 0x00000000fdf00000, 0x00000000fe000000|  0%| F|  |TAMS 0x00000000fdf00000, 0x00000000fdf00000| Untracked 
|  32|0x00000000fe000000, 0x00000000fe000000, 0x00000000fe100000|  0%| F|  |TAMS 0x00000000fe000000, 0x00000000fe000000| Untracked 
|  33|0x00000000fe100000, 0x00000000fe100000, 0x00000000fe200000|  0%| F|  |TAMS 0x00000000fe100000, 0x00000000fe100000| Untracked 
|  34|0x00000000fe200000, 0x00000000fe200000, 0x00000000fe300000|  0%| F|  |TAMS 0x00000000fe200000, 0x00000000fe200000| Untracked 
|  35|0x00000000fe300000, 0x00000000fe300000, 0x00000000fe400000|  0%| F|  |TAMS 0x00000000fe300000, 0x00000000fe300000| Untracked 
|  36|0x00000000fe400000, 0x00000000fe400000, 0x00000000fe500000|  0%| F|  |TAMS 0x00000000fe400000, 0x00000000fe400000| Untracked 
|  37|0x00000000fe500000, 0x00000000fe500000, 0x00000000fe600000|  0%| F|  |TAMS 0x00000000fe500000, 0x00000000fe500000| Untracked 
|  38|0x00000000fe600000, 0x00000000fe700000, 0x00000000fe700000|100%| S|CS|TAMS 0x00000000fe600000, 0x00000000fe600000| Complete 
|  39|0x00000000fe700000, 0x00000000fe800000, 0x00000000fe800000|100%| S|CS|TAMS 0x00000000fe700000, 0x00000000fe700000| Complete 
|  40|0x00000000fe800000, 0x00000000fe900000, 0x00000000fe900000|100%| S|CS|TAMS 0x00000000fe800000, 0x00000000fe800000| Complete 
|  41|0x00000000fe900000, 0x00000000fe900000, 0x00000000fea00000|  0%| F|  |TAMS 0x00000000fe900000, 0x00000000fe900000| Untracked 
|  42|0x00000000fea00000, 0x00000000fea00000, 0x00000000feb00000|  0%| F|  |TAMS 0x00000000fea00000, 0x00000000fea00000| Untracked 
|  43|0x00000000feb00000, 0x00000000feba9798, 0x00000000fec00000| 66%| E|  |TAMS 0x00000000feb00000, 0x00000000feb00000| Complete 
|  44|0x00000000fec00000, 0x00000000fed00000, 0x00000000fed00000|100%| E|CS|TAMS 0x00000000fec00000, 0x00000000fec00000| Complete 
|  45|0x00000000fed00000, 0x00000000fee00000, 0x00000000fee00000|100%| E|CS|TAMS 0x00000000fed00000, 0x00000000fed00000| Complete 
|  46|0x00000000fee00000, 0x00000000fef00000, 0x00000000fef00000|100%| E|CS|TAMS 0x00000000fee00000, 0x00000000fee00000| Complete 
|  47|0x00000000fef00000, 0x00000000ff000000, 0x00000000ff000000|100%| E|CS|TAMS 0x00000000fef00000, 0x00000000fef00000| Complete 
|  48|0x00000000ff000000, 0x00000000ff100000, 0x00000000ff100000|100%| E|CS|TAMS 0x00000000ff000000, 0x00000000ff000000| Complete 
|  49|0x00000000ff100000, 0x00000000ff200000, 0x00000000ff200000|100%| E|CS|TAMS 0x00000000ff100000, 0x00000000ff100000| Complete 
|  50|0x00000000ff200000, 0x00000000ff300000, 0x00000000ff300000|100%| E|CS|TAMS 0x00000000ff200000, 0x00000000ff200000| Complete 
|  51|0x00000000ff300000, 0x00000000ff400000, 0x00000000ff400000|100%| E|CS|TAMS 0x00000000ff300000, 0x00000000ff300000| Complete 
|  52|0x00000000ff400000, 0x00000000ff500000, 0x00000000ff500000|100%| E|CS|TAMS 0x00000000ff400000, 0x00000000ff400000| Complete 
|  53|0x00000000ff500000, 0x00000000ff600000, 0x00000000ff600000|100%| E|CS|TAMS 0x00000000ff500000, 0x00000000ff500000| Complete 
|  54|0x00000000ff600000, 0x00000000ff700000, 0x00000000ff700000|100%| E|CS|TAMS 0x00000000ff600000, 0x00000000ff600000| Complete 
|  55|0x00000000ff700000, 0x00000000ff800000, 0x00000000ff800000|100%| E|CS|TAMS 0x00000000ff700000, 0x00000000ff700000| Complete 
|  56|0x00000000ff800000, 0x00000000ff900000, 0x00000000ff900000|100%| E|CS|TAMS 0x00000000ff800000, 0x00000000ff800000| Complete 
|  57|0x00000000ff900000, 0x00000000ffa00000, 0x00000000ffa00000|100%| E|CS|TAMS 0x00000000ff900000, 0x00000000ff900000| Complete 
|  58|0x00000000ffa00000, 0x00000000ffb00000, 0x00000000ffb00000|100%| E|CS|TAMS 0x00000000ffa00000, 0x00000000ffa00000| Complete 
|  59|0x00000000ffb00000, 0x00000000ffc00000, 0x00000000ffc00000|100%| E|CS|TAMS 0x00000000ffb00000, 0x00000000ffb00000| Complete 
|  60|0x00000000ffc00000, 0x00000000ffd00000, 0x00000000ffd00000|100%| E|CS|TAMS 0x00000000ffc00000, 0x00000000ffc00000| Complete 
|  61|0x00000000ffd00000, 0x00000000ffe00000, 0x00000000ffe00000|100%| E|CS|TAMS 0x00000000ffd00000, 0x00000000ffd00000| Complete 
|  62|0x00000000ffe00000, 0x00000000fff00000, 0x00000000fff00000|100%| E|CS|TAMS 0x00000000ffe00000, 0x00000000ffe00000| Complete 
|  63|0x00000000fff00000, 0x0000000100000000, 0x0000000100000000|100%| E|CS|TAMS 0x00000000fff00000, 0x00000000fff00000| Complete 

Card table byte_map: [0x000001cb7e9b0000,0x000001cb7e9d0000] _byte_map_base: 0x000001cb7e1d0000

Marking Bits (Prev, Next): (CMBitMap*) 0x000001cb7f5f9350, (CMBitMap*) 0x000001cb7f5f9390
 Prev Bits: [0x000001cb7f9e0000, 0x000001cb7fae0000)
 Next Bits: [0x000001cb7fae0000, 0x000001cb7fbe0000)

Polling page: 0x000001cb7e960000

Metaspace:

Usage:
  Non-class:      7.82 MB used.
      Class:      1.17 MB used.
       Both:      8.99 MB used.

Virtual space:
  Non-class space:       64.00 MB reserved,       7.88 MB ( 12%) committed,  1 nodes.
      Class space:        1.00 GB reserved,       1.25 MB ( <1%) committed,  1 nodes.
             Both:        1.06 GB reserved,       9.12 MB ( <1%) committed. 

Chunk freelists:
   Non-Class:  7.75 MB
       Class:  14.61 MB
        Both:  22.36 MB

MaxMetaspaceSize: unlimited
CompressedClassSpaceSize: 1.00 GB
Initial GC threshold: 21.00 MB
Current GC threshold: 21.00 MB
CDS: on
MetaspaceReclaimPolicy: balanced
 - commit_granule_bytes: 65536.
 - commit_granule_words: 8192.
 - virtual_space_node_default_size: 8388608.
 - enlarge_chunks_in_place: 1.
 - new_chunks_are_fully_committed: 0.
 - uncommit_free_chunks: 1.
 - use_allocation_guard: 0.
 - handle_deallocations: 1.


Internal statistics:

num_allocs_failed_limit: 0.
num_arena_births: 76.
num_arena_deaths: 0.
num_vsnodes_births: 2.
num_vsnodes_deaths: 0.
num_space_committed: 146.
num_space_uncommitted: 0.
num_chunks_returned_to_freelist: 0.
num_chunks_taken_from_freelist: 314.
num_chunk_merges: 0.
num_chunk_splits: 225.
num_chunks_enlarged: 188.
num_inconsistent_stats: 0.

CodeHeap 'non-profiled nmethods': size=120000Kb used=671Kb max_used=671Kb free=119328Kb
 bounds [0x000001cb106b0000, 0x000001cb10920000, 0x000001cb17be0000]
CodeHeap 'profiled nmethods': size=120000Kb used=3273Kb max_used=3273Kb free=116726Kb
 bounds [0x000001cb08be0000, 0x000001cb08f20000, 0x000001cb10110000]
CodeHeap 'non-nmethods': size=5760Kb used=1172Kb max_used=1201Kb free=4587Kb
 bounds [0x000001cb10110000, 0x000001cb10380000, 0x000001cb106b0000]
 total_blobs=2194 nmethods=1726 adapters=381
 compilation: enabled
              stopped_count=0, restarted_count=0
 full_count=0

Compilation events (20 events):
Event: 165.416 Thread 0x000001cb1a26afc0 nmethod 1717 0x000001cb08f0bb10 code [0x000001cb08f0bd80, 0x000001cb08f0c748]
Event: 165.761 Thread 0x000001cb1a26afc0 1718       3       com.google.common.collect.CollectPreconditions::checkNonnegative (48 bytes)
Event: 165.762 Thread 0x000001cb1a26afc0 nmethod 1718 0x000001cb08f0cb10 code [0x000001cb08f0cd80, 0x000001cb08f0d688]
Event: 165.765 Thread 0x000001cb1a26afc0 1719       3       org.gradle.internal.logging.text.AbstractLineChoppingStyledTextOutput$StateContext::flushLineText (113 bytes)
Event: 165.767 Thread 0x000001cb1a26afc0 nmethod 1719 0x000001cb08f0da90 code [0x000001cb08f0dd20, 0x000001cb08f0e728]
Event: 165.772 Thread 0x000001cb1a26afc0 1720       3       org.gradle.internal.logging.console.DefaultRedrawableLabel::isOverlappingWith (34 bytes)
Event: 165.773 Thread 0x000001cb1a26afc0 nmethod 1720 0x000001cb08f0eb10 code [0x000001cb08f0eca0, 0x000001cb08f0ee58]
Event: 165.773 Thread 0x000001cb1a26afc0 1721       3       org.gradle.internal.logging.text.AbstractLineChoppingStyledTextOutput$StateContext::<init> (79 bytes)
Event: 165.774 Thread 0x000001cb1a26afc0 nmethod 1721 0x000001cb08f0ef10 code [0x000001cb08f0f100, 0x000001cb08f0f608]
Event: 165.774 Thread 0x000001cb1a26afc0 1722       3       org.gradle.internal.logging.console.DefaultRedrawableLabel::newLineAdjustment (14 bytes)
Event: 165.774 Thread 0x000001cb1a26afc0 nmethod 1722 0x000001cb08f0f810 code [0x000001cb08f0f9a0, 0x000001cb08f0fab8]
Event: 170.897 Thread 0x000001cb1a26a2a0 1723       4       java.lang.AbstractStringBuilder::shift (37 bytes)
Event: 170.899 Thread 0x000001cb1a26a2a0 nmethod 1723 0x000001cb10757910 code [0x000001cb10757a80, 0x000001cb10757bb8]
Event: 181.287 Thread 0x000001cb1a26afc0 1724       3       org.gradle.internal.logging.console.DefaultAnsiExecutor$AnsiContextImpl::writeAt (33 bytes)
Event: 181.288 Thread 0x000001cb1a26afc0 nmethod 1724 0x000001cb08f0fb90 code [0x000001cb08f0fd60, 0x000001cb08f101c8]
Event: 181.288 Thread 0x000001cb1a26afc0 1725       3       org.gradle.internal.logging.console.DefaultRedrawableLabel::redrawText (102 bytes)
Event: 181.289 Thread 0x000001cb1a26afc0 nmethod 1725 0x000001cb08f10390 code [0x000001cb08f10680, 0x000001cb08f11908]
Event: 182.187 Thread 0x000001cb1a26afc0 1726       3       org.gradle.internal.logging.text.AbstractStyledTextOutput::style (20 bytes)
Event: 182.187 Thread 0x000001cb1a26afc0 nmethod 1726 0x000001cb08f12110 code [0x000001cb08f122c0, 0x000001cb08f12528]
Event: 183.297 Thread 0x000001cb1a26afc0 1727       3       sun.nio.cs.SingleByte$Encoder::encodeArrayLoop (280 bytes)

GC Heap History (2 events):
Event: 0.695 GC heap before
{Heap before GC invocations=0 (full 0):
 garbage-first heap   total 65536K, used 26624K [0x00000000fc000000, 0x0000000100000000)
  region size 1024K, 23 young (23552K), 0 survivors (0K)
 Metaspace       used 3672K, committed 3840K, reserved 1114112K
  class space    used 440K, committed 512K, reserved 1048576K
}
Event: 0.700 GC heap after
{Heap after GC invocations=1 (full 0):
 garbage-first heap   total 65536K, used 10472K [0x00000000fc000000, 0x0000000100000000)
  region size 1024K, 3 young (3072K), 3 survivors (3072K)
 Metaspace       used 3672K, committed 3840K, reserved 1114112K
  class space    used 440K, committed 512K, reserved 1048576K
}

Deoptimization events (20 events):
Event: 0.869 Thread 0x000001cb7f5d7390 DEOPT PACKING pc=0x000001cb106f502c sp=0x00000025868fcb80
Event: 0.869 Thread 0x000001cb7f5d7390 DEOPT UNPACKING pc=0x000001cb101623a3 sp=0x00000025868fca98 mode 2
Event: 0.900 Thread 0x000001cb7f5d7390 Uncommon trap: trap_request=0xffffff45 fr.pc=0x000001cb106eac30 relative=0x0000000000001110
Event: 0.900 Thread 0x000001cb7f5d7390 Uncommon trap: reason=unstable_if action=reinterpret pc=0x000001cb106eac30 method=java.util.HashMap.putVal(ILjava/lang/Object;Ljava/lang/Object;ZZ)Ljava/lang/Object; @ 236 c2
Event: 0.900 Thread 0x000001cb7f5d7390 DEOPT PACKING pc=0x000001cb106eac30 sp=0x00000025868fbf70
Event: 0.900 Thread 0x000001cb7f5d7390 DEOPT UNPACKING pc=0x000001cb101623a3 sp=0x00000025868fbf38 mode 2
Event: 0.926 Thread 0x000001cb7f5d7390 DEOPT PACKING pc=0x000001cb08cd35b8 sp=0x00000025868f7cd0
Event: 0.926 Thread 0x000001cb7f5d7390 DEOPT UNPACKING pc=0x000001cb10162b43 sp=0x00000025868f71e8 mode 0
Event: 0.974 Thread 0x000001cb7f5d7390 Uncommon trap: trap_request=0xffffffc6 fr.pc=0x000001cb1071f00c relative=0x00000000000005ac
Event: 0.974 Thread 0x000001cb7f5d7390 Uncommon trap: reason=bimorphic_or_optimized_type_check action=maybe_recompile pc=0x000001cb1071f00c method=java.util.concurrent.ConcurrentHashMap.get(Ljava/lang/Object;)Ljava/lang/Object; @ 149 c2
Event: 0.974 Thread 0x000001cb7f5d7390 DEOPT PACKING pc=0x000001cb1071f00c sp=0x00000025868fba40
Event: 0.974 Thread 0x000001cb7f5d7390 DEOPT UNPACKING pc=0x000001cb101623a3 sp=0x00000025868fb9e0 mode 2
Event: 1.131 Thread 0x000001cb7f5d7390 Uncommon trap: trap_request=0xffffff45 fr.pc=0x000001cb106e89a4 relative=0x0000000000000664
Event: 1.131 Thread 0x000001cb7f5d7390 Uncommon trap: reason=unstable_if action=reinterpret pc=0x000001cb106e89a4 method=java.lang.AbstractStringBuilder.append(Ljava/lang/String;)Ljava/lang/AbstractStringBuilder; @ 1 c2
Event: 1.131 Thread 0x000001cb7f5d7390 DEOPT PACKING pc=0x000001cb106e89a4 sp=0x00000025868fc780
Event: 1.131 Thread 0x000001cb7f5d7390 DEOPT UNPACKING pc=0x000001cb101623a3 sp=0x00000025868fc700 mode 2
Event: 1.131 Thread 0x000001cb7f5d7390 Uncommon trap: trap_request=0xffffff45 fr.pc=0x000001cb106fbe24 relative=0x0000000000000664
Event: 1.131 Thread 0x000001cb7f5d7390 Uncommon trap: reason=unstable_if action=reinterpret pc=0x000001cb106fbe24 method=java.lang.AbstractStringBuilder.append(Ljava/lang/String;)Ljava/lang/AbstractStringBuilder; @ 1 c2
Event: 1.131 Thread 0x000001cb7f5d7390 DEOPT PACKING pc=0x000001cb106fbe24 sp=0x00000025868fc720
Event: 1.131 Thread 0x000001cb7f5d7390 DEOPT UNPACKING pc=0x000001cb101623a3 sp=0x00000025868fc708 mode 2

Classes unloaded (0 events):
No events

Classes redefined (0 events):
No events

Internal exceptions (18 events):
Event: 0.202 Thread 0x000001cb7f5d7390 Exception <a 'java/lang/NoSuchMethodError'{0x00000000ffc6f6f8}: 'int java.lang.invoke.DirectMethodHandle$Holder.invokeStaticInit(java.lang.Object, java.lang.Object)'> (0x00000000ffc6f6f8) 
thrown [s\open\src\hotspot\share\interpreter\linkResolver.cpp, line 759]
Event: 0.681 Thread 0x000001cb7f5d7390 Exception <a 'java/lang/NoSuchMethodError'{0x00000000fe99c580}: 'void java.lang.invoke.DirectMethodHandle$Holder.invokeStatic(java.lang.Object, java.lang.Object)'> (0x00000000fe99c580) 
thrown [s\open\src\hotspot\share\interpreter\linkResolver.cpp, line 759]
Event: 0.707 Thread 0x000001cb7f5d7390 Exception <a 'java/lang/NoClassDefFoundError'{0x00000000fff227e0}: org/slf4j/impl/StaticMarkerBinder> (0x00000000fff227e0) 
thrown [s\open\src\hotspot\share\classfile\systemDictionary.cpp, line 245]
Event: 0.727 Thread 0x000001cb7f5d7390 Exception <a 'java/lang/NoSuchMethodError'{0x00000000fffcc248}: 'java.lang.Object java.lang.invoke.DirectMethodHandle$Holder.invokeVirtual(java.lang.Object, java.lang.Object, java.lang.Object, java.lang.Object, java.lang.Object, java.lang.Object, java.lang.Object)'> (0x00000000fffcc248) 
thrown [s\open\src\hotspot\share\interpreter\linkResolver.cpp, line 759]
Event: 0.730 Thread 0x000001cb7f5d7390 Exception <a 'java/lang/NoSuchMethodError'{0x00000000fffdde28}: 'java.lang.Object java.lang.invoke.Invokers$Holder.invoker(java.lang.Object, java.lang.Object, java.lang.Object)'> (0x00000000fffdde28) 
thrown [s\open\src\hotspot\share\interpreter\linkResolver.cpp, line 759]
Event: 0.731 Thread 0x000001cb7f5d7390 Exception <a 'java/lang/NoSuchMethodError'{0x00000000ffe056d8}: 'java.lang.Object java.lang.invoke.DirectMethodHandle$Holder.invokeStatic(java.lang.Object, java.lang.Object, int)'> (0x00000000ffe056d8) 
thrown [s\open\src\hotspot\share\interpreter\linkResolver.cpp, line 759]
Event: 0.733 Thread 0x000001cb7f5d7390 Exception <a 'java/lang/NoSuchMethodError'{0x00000000ffe113c8}: 'void java.lang.invoke.DelegatingMethodHandle$Holder.delegate(java.lang.Object, java.lang.Object, int, java.lang.Object)'> (0x00000000ffe113c8) 
thrown [s\open\src\hotspot\share\interpreter\linkResolver.cpp, line 759]
Event: 0.733 Thread 0x000001cb7f5d7390 Exception <a 'java/lang/NoSuchMethodError'{0x00000000ffe15590}: 'int java.lang.invoke.DirectMethodHandle$Holder.invokeSpecial(java.lang.Object, java.lang.Object, java.lang.Object)'> (0x00000000ffe15590) 
thrown [s\open\src\hotspot\share\interpreter\linkResolver.cpp, line 759]
Event: 0.735 Thread 0x000001cb7f5d7390 Exception <a 'java/lang/NoSuchMethodError'{0x00000000ffe286d8}: 'java.lang.Object java.lang.invoke.Invokers$Holder.invokeExact_MT(java.lang.Object, java.lang.Object, java.lang.Object, java.lang.Object)'> (0x00000000ffe286d8) 
thrown [s\open\src\hotspot\share\interpreter\linkResolver.cpp, line 759]
Event: 0.861 Thread 0x000001cb7f5d7390 Exception <a 'java/lang/NoSuchMethodError'{0x00000000ff84c1b8}: 'void java.lang.invoke.DirectMethodHandle$Holder.invokeSpecial(java.lang.Object, java.lang.Object, java.lang.Object)'> (0x00000000ff84c1b8) 
thrown [s\open\src\hotspot\share\interpreter\linkResolver.cpp, line 759]
Event: 0.869 Thread 0x000001cb7f5d7390 Implicit null exception at 0x000001cb106ff90f to 0x000001cb106ffe84
Event: 0.869 Thread 0x000001cb7f5d7390 Implicit null exception at 0x000001cb106f4a8f to 0x000001cb106f500c
Event: 0.886 Thread 0x000001cb7f5d7390 Exception <a 'java/lang/NoSuchMethodError'{0x00000000ff7940b0}: 'java.lang.Object java.lang.invoke.DirectMethodHandle$Holder.invokeStaticInit(java.lang.Object)'> (0x00000000ff7940b0) 
thrown [s\open\src\hotspot\share\interpreter\linkResolver.cpp, line 759]
Event: 0.971 Thread 0x000001cb7f5d7390 Exception <a 'java/lang/NoSuchMethodError'{0x00000000ff39eb48}: 'java.lang.Object java.lang.invoke.DirectMethodHandle$Holder.invokeStaticInit(java.lang.Object, int, int, int, int)'> (0x00000000ff39eb48) 
thrown [s\open\src\hotspot\share\interpreter\linkResolver.cpp, line 759]
Event: 1.013 Thread 0x000001cb7f5d7390 Exception <a 'java/lang/NoSuchMethodError'{0x00000000ff204e58}: 'java.lang.Object java.lang.invoke.DirectMethodHandle$Holder.invokeStaticInit(java.lang.Object, java.lang.Object, int, int, int, int)'> (0x00000000ff204e58) 
thrown [s\open\src\hotspot\share\interpreter\linkResolver.cpp, line 759]
Event: 1.117 Thread 0x000001cb7f5d7390 Exception <a 'java/lang/NoSuchMethodError'{0x00000000ff232798}: 'void java.lang.invoke.DirectMethodHandle$Holder.invokeStatic(java.lang.Object, java.lang.Object, java.lang.Object)'> (0x00000000ff232798) 
thrown [s\open\src\hotspot\share\interpreter\linkResolver.cpp, line 759]
Event: 1.131 Thread 0x000001cb7f5d7390 Implicit null exception at 0x000001cb106e8372 to 0x000001cb106e898c
Event: 1.131 Thread 0x000001cb7f5d7390 Implicit null exception at 0x000001cb106fb7f2 to 0x000001cb106fbe0c

VM Operations (20 events):
Event: 107.721 Executing VM operation: Cleanup
Event: 107.721 Executing VM operation: Cleanup done
Event: 112.775 Executing VM operation: Cleanup
Event: 112.775 Executing VM operation: Cleanup done
Event: 120.832 Executing VM operation: Cleanup
Event: 120.832 Executing VM operation: Cleanup done
Event: 124.877 Executing VM operation: Cleanup
Event: 124.877 Executing VM operation: Cleanup done
Event: 138.973 Executing VM operation: Cleanup
Event: 138.973 Executing VM operation: Cleanup done
Event: 150.071 Executing VM operation: Cleanup
Event: 150.071 Executing VM operation: Cleanup done
Event: 152.092 Executing VM operation: Cleanup
Event: 152.092 Executing VM operation: Cleanup done
Event: 159.171 Executing VM operation: Cleanup
Event: 159.171 Executing VM operation: Cleanup done
Event: 166.249 Executing VM operation: Cleanup
Event: 166.249 Executing VM operation: Cleanup done
Event: 182.393 Executing VM operation: Cleanup
Event: 182.393 Executing VM operation: Cleanup done

Events (20 events):
Event: 38.835 loading class jdk/internal/reflect/ByteVectorImpl
Event: 38.835 loading class jdk/internal/reflect/ByteVector
Event: 38.835 loading class jdk/internal/reflect/ByteVector done
Event: 38.835 loading class jdk/internal/reflect/ByteVectorImpl done
Event: 38.835 loading class jdk/internal/reflect/ClassFileAssembler
Event: 38.835 loading class jdk/internal/reflect/ClassFileAssembler done
Event: 38.835 loading class jdk/internal/reflect/UTF8
Event: 38.835 loading class jdk/internal/reflect/UTF8 done
Event: 38.836 loading class jdk/internal/reflect/Label
Event: 38.836 loading class jdk/internal/reflect/Label done
Event: 38.836 loading class jdk/internal/reflect/Label$PatchInfo
Event: 38.836 loading class jdk/internal/reflect/Label$PatchInfo done
Event: 38.836 loading class jdk/internal/reflect/MethodAccessorGenerator$1
Event: 38.836 loading class jdk/internal/reflect/MethodAccessorGenerator$1 done
Event: 38.836 loading class jdk/internal/reflect/ClassDefiner
Event: 38.836 loading class jdk/internal/reflect/ClassDefiner done
Event: 38.836 loading class jdk/internal/reflect/ClassDefiner$1
Event: 38.836 loading class jdk/internal/reflect/ClassDefiner$1 done
Event: 53.298 loading class java/util/ArrayList$ListItr
Event: 53.299 loading class java/util/ArrayList$ListItr done


Dynamic libraries:
0x00007ff723ea0000 - 0x00007ff723eb0000 	C:\Program Files\Java\jdk-17\bin\java.exe
0x00007fff6e230000 - 0x00007fff6e428000 	C:\Windows\SYSTEM32\ntdll.dll
0x00007fff6c3a0000 - 0x00007fff6c45d000 	C:\Windows\System32\KERNEL32.DLL
0x00007fff6bae0000 - 0x00007fff6bdd6000 	C:\Windows\System32\KERNELBASE.dll
0x00007fff6c170000 - 0x00007fff6c270000 	C:\Windows\System32\ucrtbase.dll
0x00007fff65320000 - 0x00007fff65339000 	C:\Program Files\Java\jdk-17\bin\jli.dll
0x00007fff6d700000 - 0x00007fff6d7b3000 	C:\Windows\System32\ADVAPI32.dll
0x00007fff63d90000 - 0x00007fff63dab000 	C:\Program Files\Java\jdk-17\bin\VCRUNTIME140.dll
0x00007fff6c670000 - 0x00007fff6c70e000 	C:\Windows\System32\msvcrt.dll
0x00007fff6ccb0000 - 0x00007fff6cd4f000 	C:\Windows\System32\sechost.dll
0x00007fff6c7c0000 - 0x00007fff6c8e6000 	C:\Windows\System32\RPCRT4.dll
0x00007fff6bab0000 - 0x00007fff6bad7000 	C:\Windows\System32\bcrypt.dll
0x00007fff6c4d0000 - 0x00007fff6c66e000 	C:\Windows\System32\USER32.dll
0x00007fff6c090000 - 0x00007fff6c0b2000 	C:\Windows\System32\win32u.dll
0x00007fff6d1e0000 - 0x00007fff6d20b000 	C:\Windows\System32\GDI32.dll
0x00007fff4f320000 - 0x00007fff4f5ba000 	C:\Windows\WinSxS\amd64_microsoft.windows.common-controls_6595b64144ccf1df_6.0.19041.3636_none_60b6a03d71f818d5\COMCTL32.dll
0x00007fff6b990000 - 0x00007fff6baa7000 	C:\Windows\System32\gdi32full.dll
0x00007fff6b8f0000 - 0x00007fff6b98d000 	C:\Windows\System32\msvcp_win.dll
0x00007fff61520000 - 0x00007fff6152a000 	C:\Windows\SYSTEM32\VERSION.dll
0x00007fff6d0f0000 - 0x00007fff6d122000 	C:\Windows\System32\IMM32.DLL
0x00007fff65380000 - 0x00007fff6538c000 	C:\Program Files\Java\jdk-17\bin\vcruntime140_1.dll
0x00007fff48070000 - 0x00007fff480fe000 	C:\Program Files\Java\jdk-17\bin\msvcp140.dll
0x00007ffefb260000 - 0x00007ffefbe41000 	C:\Program Files\Java\jdk-17\bin\server\jvm.dll
0x00007fff6cd50000 - 0x00007fff6cd58000 	C:\Windows\System32\PSAPI.DLL
0x00007fff505b0000 - 0x00007fff505b9000 	C:\Windows\SYSTEM32\WSOCK32.dll
0x00007fff54a60000 - 0x00007fff54a87000 	C:\Windows\SYSTEM32\WINMM.dll
0x00007fff6e0c0000 - 0x00007fff6e12b000 	C:\Windows\System32\WS2_32.dll
0x00007fff6a130000 - 0x00007fff6a142000 	C:\Windows\SYSTEM32\kernel.appcore.dll
0x00007fff65350000 - 0x00007fff6535a000 	C:\Program Files\Java\jdk-17\bin\jimage.dll
0x00007fff69560000 - 0x00007fff69744000 	C:\Windows\SYSTEM32\DBGHELP.DLL
0x00007fff54660000 - 0x00007fff54694000 	C:\Windows\SYSTEM32\dbgcore.DLL
0x00007fff6bf90000 - 0x00007fff6c012000 	C:\Windows\System32\bcryptPrimitives.dll
0x00007fff612d0000 - 0x00007fff612f5000 	C:\Program Files\Java\jdk-17\bin\java.dll
0x00007fff45fa0000 - 0x00007fff46077000 	C:\Program Files\Java\jdk-17\bin\jsvml.dll
0x00007fff6d970000 - 0x00007fff6e0b5000 	C:\Windows\System32\SHELL32.dll
0x00007fff69980000 - 0x00007fff6a11c000 	C:\Windows\SYSTEM32\windows.storage.dll
0x00007fff6cd90000 - 0x00007fff6d0e4000 	C:\Windows\System32\combase.dll
0x00007fff6b320000 - 0x00007fff6b34e000 	C:\Windows\SYSTEM32\Wldp.dll
0x00007fff6ca10000 - 0x00007fff6cadd000 	C:\Windows\System32\OLEAUT32.dll
0x00007fff6c710000 - 0x00007fff6c7bd000 	C:\Windows\System32\SHCORE.dll
0x00007fff6cae0000 - 0x00007fff6cb35000 	C:\Windows\System32\shlwapi.dll
0x00007fff6b820000 - 0x00007fff6b845000 	C:\Windows\SYSTEM32\profapi.dll
0x00007fff580a0000 - 0x00007fff580b9000 	C:\Program Files\Java\jdk-17\bin\net.dll
0x00007fff68000000 - 0x00007fff6810a000 	C:\Windows\SYSTEM32\WINHTTP.dll
0x00007fff6b080000 - 0x00007fff6b0ea000 	C:\Windows\system32\mswsock.dll
0x00007fff51010000 - 0x00007fff51026000 	C:\Program Files\Java\jdk-17\bin\nio.dll
0x00007fff612b0000 - 0x00007fff612c8000 	C:\Program Files\Java\jdk-17\bin\zip.dll
0x00007fff632d0000 - 0x00007fff632e0000 	C:\Program Files\Java\jdk-17\bin\verify.dll
0x00007fff66040000 - 0x00007fff66067000 	C:\Users\Muneeb jutt\.gradle\native\68d5fa5c4cc2d200863cafc0d521ce42e7d3e7ee720ec0a83991735586a16f82\windows-amd64\native-platform.dll
0x00007fff66de0000 - 0x00007fff66dea000 	C:\Users\Muneeb jutt\.gradle\native\jansi\1.18\windows64\jansi.dll
0x00007fff62c40000 - 0x00007fff62c4a000 	C:\Program Files\Java\jdk-17\bin\management.dll
0x00007fff61410000 - 0x00007fff6141b000 	C:\Program Files\Java\jdk-17\bin\management_ext.dll
0x00007fff6b280000 - 0x00007fff6b298000 	C:\Windows\SYSTEM32\CRYPTSP.dll
0x00007fff6a940000 - 0x00007fff6a974000 	C:\Windows\system32\rsaenh.dll
0x00007fff6b7e0000 - 0x00007fff6b80e000 	C:\Windows\SYSTEM32\USERENV.dll
0x00007fff6b270000 - 0x00007fff6b27c000 	C:\Windows\SYSTEM32\CRYPTBASE.dll
0x00007fff6ad20000 - 0x00007fff6ad5b000 	C:\Windows\SYSTEM32\IPHLPAPI.DLL
0x00007fff6c460000 - 0x00007fff6c468000 	C:\Windows\System32\NSI.dll
0x00007fff62a00000 - 0x00007fff62a17000 	C:\Windows\SYSTEM32\dhcpcsvc6.DLL
0x00007fff62e60000 - 0x00007fff62e7d000 	C:\Windows\SYSTEM32\dhcpcsvc.DLL
0x00007fff6ad60000 - 0x00007fff6ae2b000 	C:\Windows\SYSTEM32\DNSAPI.dll
0x00007fff61230000 - 0x00007fff6123e000 	C:\Program Files\Java\jdk-17\bin\sunmscapi.dll
0x00007fff6bde0000 - 0x00007fff6bf3d000 	C:\Windows\System32\CRYPT32.dll
0x00007fff6b390000 - 0x00007fff6b3b8000 	C:\Windows\SYSTEM32\ncrypt.dll
0x00007fff6b350000 - 0x00007fff6b38b000 	C:\Windows\SYSTEM32\NTASN1.dll
0x00007fff58940000 - 0x00007fff58947000 	C:\Windows\system32\wshunix.dll

dbghelp: loaded successfully - version: 4.0.5 - missing functions: none
symbol engine: initialized successfully - sym options: 0x614 - pdb path: .;C:\Program Files\Java\jdk-17\bin;C:\Windows\SYSTEM32;C:\Windows\WinSxS\amd64_microsoft.windows.common-controls_6595b64144ccf1df_6.0.19041.3636_none_60b6a03d71f818d5;C:\Program Files\Java\jdk-17\bin\server;C:\Users\Muneeb jutt\.gradle\native\68d5fa5c4cc2d200863cafc0d521ce42e7d3e7ee720ec0a83991735586a16f82\windows-amd64;C:\Users\Muneeb jutt\.gradle\native\jansi\1.18\windows64

VM Arguments:
jvm_args: -Xmx64m -Xms64m -Dorg.gradle.appname=gradlew 
java_command: org.gradle.wrapper.GradleWrapperMain assembleRelease
java_class_path (initial): D:\main\android\\gradle\wrapper\gradle-wrapper.jar
Launcher Type: SUN_STANDARD

[Global flags]
     intx CICompilerCount                          = 4                                         {product} {ergonomic}
     uint ConcGCThreads                            = 2                                         {product} {ergonomic}
     uint G1ConcRefinementThreads                  = 8                                         {product} {ergonomic}
   size_t G1HeapRegionSize                         = 1048576                                   {product} {ergonomic}
    uintx GCDrainStackTargetSize                   = 64                                        {product} {ergonomic}
   size_t InitialHeapSize                          = 67108864                                  {product} {command line}
   size_t MarkStackSize                            = 4194304                                   {product} {ergonomic}
   size_t MaxHeapSize                              = 67108864                                  {product} {command line}
   size_t MaxNewSize                               = 39845888                                  {product} {ergonomic}
   size_t MinHeapDeltaBytes                        = 1048576                                   {product} {ergonomic}
   size_t MinHeapSize                              = 67108864                                  {product} {command line}
    uintx NonNMethodCodeHeapSize                   = 5839372                                {pd product} {ergonomic}
    uintx NonProfiledCodeHeapSize                  = 122909434                              {pd product} {ergonomic}
    uintx ProfiledCodeHeapSize                     = 122909434                              {pd product} {ergonomic}
    uintx ReservedCodeCacheSize                    = 251658240                              {pd product} {ergonomic}
     bool SegmentedCodeCache                       = true                                      {product} {ergonomic}
   size_t SoftMaxHeapSize                          = 67108864                               {manageable} {ergonomic}
     bool UseCompressedClassPointers               = true                           {product lp64_product} {ergonomic}
     bool UseCompressedOops                        = true                           {product lp64_product} {ergonomic}
     bool UseG1GC                                  = true                                      {product} {ergonomic}
     bool UseLargePagesIndividualAllocation        = false                                  {pd product} {ergonomic}

Logging:
Log output configuration:
 #0: stdout all=warning uptime,level,tags
 #1: stderr all=off uptime,level,tags

Environment Variables:
CLASSPATH=D:\main\android\\gradle\wrapper\gradle-wrapper.jar
PATH=C:\Program Files\Common Files\Oracle\Java\javapath;C:\Windows\system32;C:\Windows;C:\Windows\System32\Wbem;C:\Windows\System32\WindowsPowerShell\v1.0\;C:\Windows\System32\OpenSSH\;C:\Program Files\Intel\WiFi\bin\;C:\Program Files\Common Files\Intel\WirelessCommon\;C:\Users\Muneeb jutt\AppData\Roaming\npm;C:\Program Files\MongoDB\Server\6.0\bin;C:\Users\Muneeb jutt\AppData\Local\Google\Cloud SDK\google-cloud-sdk\bin;C:\xampp\php;C:\composer;C:\ProgramData\chocolatey\bin;C:\Users\Muneeb jutt\AppData\Local\Android\Sdk\platform-tools;C:\MinGW\bin;C:\Program Files\Git\cmd;C:\Program Files\Java\jdk-17\bin;C:\Users\Muneeb jutt\AppData\Roaming\nvm;C:\Program Files\nodejs;C:\Program Files\CMake\bin;C:\Users\Muneeb jutt\AppData\Local\Programs\Python\Python311\Scripts\;C:\Users\Muneeb jutt\AppData\Local\Programs\Python\Python311\;C:\Users\Muneeb jutt\AppData\Local\Microsoft\WindowsApps;C:\Users\Muneeb jutt\AppData\Local\Programs\Microsoft VS Code\bin;C:\Program Files\MongoDB\Server\6.0\bin;C:\Users\Muneeb jutt\AppData\Local\Google\Cloud SDK\google-cloud-sdk\bin;C:\Users\Muneeb jutt\AppData\Roaming\Composer\vendor\bin;C:\Users\Muneeb jutt\AppData\Local\Android\Sdk\platform-tools;C:\MinGW\bin;C:\Program Files\Java\jdk-17\bin;C:\Users\Muneeb jutt\AppData\Roaming\npm;C:\Users\Muneeb jutt\AppData\Roaming\nvm;C:\Program Files\nodejs;C:\Users\Muneeb jutt\AppData\Local\Android\Sdk\cmake\3.22.1\bin;C:\Users\Muneeb jutt\AppData\Local\Android\Sdk\cmake;
USERNAME=Muneeb jutt
LANG=en_US.UTF-8
OS=Windows_NT
PROCESSOR_IDENTIFIER=Intel64 Family 6 Model 142 Stepping 10, GenuineIntel



---------------  S Y S T E M  ---------------

OS:
 Windows 10 , 64 bit Build 19041 (10.0.19041.3636)
OS uptime: 3 days 12:10 hours

CPU: total 8 (initial active 8) (4 cores per cpu, 2 threads per core) family 6 model 142 stepping 10 microcode 0xca, cx8, cmov, fxsr, ht, mmx, 3dnowpref, sse, sse2, sse3, ssse3, sse4.1, sse4.2, popcnt, lzcnt, tsc, tscinvbit, avx, avx2, aes, erms, clmul, bmi1, bmi2, adx, fma, vzeroupper, clflush, clflushopt

Memory: 4k page, system-wide physical 7810M (614M free)
TotalPageFile size 14914M (AvailPageFile size 39M)
current process WorkingSet (physical memory assigned to process): 89M, peak: 100M
current process commit charge ("private bytes"): 162M, peak: 174M

vm_info: Java HotSpot(TM) 64-Bit Server VM (17.0.9+11-LTS-201) for windows-amd64 JRE (17.0.9+11-LTS-201), built on Oct 10 2023 23:16:06 by "mach5one" with MS VC++ 17.1 (VS2022)

END.
